<?xml version="1.0" encoding="UTF-8" ?>
<testsuite tests="8" failures="0" name="Testing.Package.HousingFacadeTest" time="0.69" errors="0" skipped="0">
  <properties>
[...]
</properties>
  <testcase classname="Testing.Package.HousingFacadeTest" name="addStudent_StudentAddedCorrectly" time="0.047"/>
  <testcase classname="Testing.Package.HousingFacadeTest" name="removeRoom_RemovedRoomCorrectly" time="0.058"/>
  <testcase classname="Testing.Package.HousingFacadeTest" name="setNumberOfMaxStudents_ThrowsAnException" time="0.172"/>
  <testcase classname="Testing.Package.HousingFacadeTest" name="updateStudent_StudentUpdatedCorrectly" time="0.096"/>
  <testcase classname="Testing.Package.HousingFacadeTest" name="addStudentToRoom_StudentAddedToRoomCorrectly" time="0.049"/>
  <testcase classname="Testing.Package.HousingFacadeTest" name="removeStudent_RemovedStudentCorrectly" time="0.048"/>
  <testcase classname="Testing.Package.HousingFacadeTest" name="addRoom_RoomAddedCorrectly" time="0.068"/>
  <testcase classname="Testing.Package.HousingFacadeTest" name="updateRoom_RoomUpdatedCorrectly" time="0.151"/>
</testsuite>